{"contracts/Config.sol":{"l":{},"path":"/Users/rajatarora/Documents/Block Chain/Projects/Staking/contracts/Config.sol","s":{},"b":{},"f":{},"fnMap":{},"statementMap":{},"branchMap":{}},"contracts/IStaking.sol":{"l":{},"path":"/Users/rajatarora/Documents/Block Chain/Projects/Staking/contracts/IStaking.sol","s":{},"b":{},"f":{},"fnMap":{},"statementMap":{},"branchMap":{}},"contracts/MockToken.sol":{"l":{"12":60,"13":60},"path":"/Users/rajatarora/Documents/Block Chain/Projects/Staking/contracts/MockToken.sol","s":{"1":60,"2":60},"b":{},"f":{"1":60},"fnMap":{"1":{"name":"constructor","line":11,"loc":{"start":{"line":11,"column":4},"end":{"line":14,"column":4}}}},"statementMap":{"1":{"start":{"line":12,"column":8},"end":{"line":12,"column":25}},"2":{"start":{"line":13,"column":8},"end":{"line":13,"column":27}}},"branchMap":{}},"contracts/Staking.sol":{"l":{"20":60,"21":60,"22":60,"23":60,"27":11,"28":0,"29":0,"30":0,"32":0,"33":0,"35":0,"38":0,"39":0,"43":0,"44":0,"45":0,"46":0,"50":0,"51":0,"52":0,"56":0,"57":0,"58":0,"59":0,"60":0,"61":0,"65":0,"66":0,"70":0,"71":0,"72":0,"73":0,"74":0,"79":0,"80":0,"82":0,"90":1,"94":1,"98":0,"102":0,"109":0,"110":0,"114":0,"115":0,"119":0,"120":0,"122":0,"124":0,"127":0,"130":0,"132":0,"135":0,"139":0,"143":0,"144":0,"145":0,"147":0,"156":0,"157":0,"158":0,"160":0,"165":0,"166":0,"167":0,"169":0,"173":0,"177":0,"183":4,"184":0},"path":"/Users/rajatarora/Documents/Block Chain/Projects/Staking/contracts/Staking.sol","s":{"1":60,"2":60,"3":60,"4":60,"5":11,"6":0,"7":0,"8":0,"9":0,"10":0,"11":0,"12":0,"13":0,"14":0,"15":0,"16":0,"17":0,"18":0,"19":0,"20":0,"21":0,"22":0,"23":0,"24":0,"25":0,"26":0,"27":0,"28":0,"29":0,"30":0,"31":0,"32":0,"33":0,"34":0,"35":0,"36":0,"37":1,"38":1,"39":0,"40":0,"41":0,"42":0,"43":0,"44":0,"45":0,"46":0,"47":0,"48":0,"49":0,"50":0,"51":0,"52":0,"53":0,"54":0,"55":0,"56":0,"57":0,"58":0,"59":0,"60":0,"61":0,"62":0,"63":0,"64":0,"65":0,"66":0,"67":0,"68":0,"69":4},"b":{"1":[0,11],"2":[0,0],"3":[0,0],"4":[0,0],"5":[0,0],"6":[0,0],"7":[0,0],"8":[0,0],"9":[0,0],"10":[0,0],"11":[0,4]},"f":{"1":60,"2":11,"3":0,"4":0,"5":0,"6":0,"7":1,"8":1,"9":0,"10":0,"11":0,"12":0,"13":0,"14":0,"15":0,"16":0,"17":0,"18":0,"19":0,"20":4},"fnMap":{"1":{"name":"constructor","line":14,"loc":{"start":{"line":14,"column":4},"end":{"line":24,"column":4}}},"2":{"name":"stake","line":26,"loc":{"start":{"line":26,"column":4},"end":{"line":40,"column":4}}},"3":{"name":"unstake","line":42,"loc":{"start":{"line":42,"column":4},"end":{"line":47,"column":4}}},"4":{"name":"withdraw","line":49,"loc":{"start":{"line":49,"column":4},"end":{"line":62,"column":4}}},"5":{"name":"claimRewards","line":64,"loc":{"start":{"line":64,"column":4},"end":{"line":75,"column":4}}},"6":{"name":"updateAPY","line":77,"loc":{"start":{"line":77,"column":4},"end":{"line":83,"column":4}}},"7":{"name":"updateUnbondingPeriod","line":88,"loc":{"start":{"line":85,"column":4},"end":{"line":91,"column":4}}},"8":{"name":"updateClaimDelay","line":93,"loc":{"start":{"line":93,"column":4},"end":{"line":95,"column":4}}},"9":{"name":"pause","line":97,"loc":{"start":{"line":97,"column":4},"end":{"line":99,"column":4}}},"10":{"name":"addStaker","line":101,"loc":{"start":{"line":101,"column":4},"end":{"line":111,"column":4}}},"11":{"name":"_updateRewards","line":113,"loc":{"start":{"line":113,"column":4},"end":{"line":116,"column":4}}},"12":{"name":"calculateReward","line":118,"loc":{"start":{"line":118,"column":4},"end":{"line":136,"column":4}}},"13":{"name":"stakeOf","line":138,"loc":{"start":{"line":138,"column":4},"end":{"line":140,"column":4}}},"14":{"name":"totalStakes","line":142,"loc":{"start":{"line":142,"column":4},"end":{"line":148,"column":4}}},"15":{"name":"rewardsOf","line":150,"loc":{"start":{"line":150,"column":4},"end":{"line":162,"column":4}}},"16":{"name":"totalRewards","line":164,"loc":{"start":{"line":164,"column":4},"end":{"line":170,"column":4}}},"17":{"name":"getStaker","line":172,"loc":{"start":{"line":172,"column":4},"end":{"line":174,"column":4}}},"18":{"name":"getAllStakers","line":176,"loc":{"start":{"line":176,"column":4},"end":{"line":178,"column":4}}},"19":{"name":"getContractBalance","line":180,"loc":{"start":{"line":180,"column":4},"end":{"line":180,"column":77}}},"20":{"name":"isStaker","line":182,"loc":{"start":{"line":182,"column":4},"end":{"line":185,"column":4}}}},"statementMap":{"1":{"start":{"line":20,"column":8},"end":{"line":20,"column":26}},"2":{"start":{"line":21,"column":8},"end":{"line":21,"column":17}},"3":{"start":{"line":22,"column":8},"end":{"line":22,"column":41}},"4":{"start":{"line":23,"column":8},"end":{"line":23,"column":31}},"5":{"start":{"line":27,"column":8},"end":{"line":27,"column":49}},"6":{"start":{"line":28,"column":8},"end":{"line":28,"column":33}},"7":{"start":{"line":29,"column":8},"end":{"line":29,"column":831}},"8":{"start":{"line":30,"column":12},"end":{"line":30,"column":32}},"9":{"start":{"line":32,"column":12},"end":{"line":32,"column":62}},"10":{"start":{"line":33,"column":12},"end":{"line":33,"column":1010}},"11":{"start":{"line":35,"column":16},"end":{"line":35,"column":54}},"12":{"start":{"line":38,"column":8},"end":{"line":38,"column":49}},"13":{"start":{"line":39,"column":8},"end":{"line":39,"column":65}},"14":{"start":{"line":43,"column":8},"end":{"line":43,"column":56}},"15":{"start":{"line":44,"column":8},"end":{"line":44,"column":60}},"16":{"start":{"line":45,"column":8},"end":{"line":45,"column":44}},"17":{"start":{"line":46,"column":8},"end":{"line":46,"column":33}},"18":{"start":{"line":50,"column":8},"end":{"line":50,"column":56}},"19":{"start":{"line":51,"column":8},"end":{"line":51,"column":65}},"20":{"start":{"line":52,"column":8},"end":{"line":52,"column":1771}},"21":{"start":{"line":56,"column":8},"end":{"line":56,"column":42}},"22":{"start":{"line":57,"column":8},"end":{"line":57,"column":42}},"23":{"start":{"line":58,"column":8},"end":{"line":58,"column":26}},"24":{"start":{"line":59,"column":8},"end":{"line":59,"column":26}},"25":{"start":{"line":60,"column":8},"end":{"line":60,"column":37}},"26":{"start":{"line":61,"column":8},"end":{"line":61,"column":58}},"27":{"start":{"line":65,"column":8},"end":{"line":65,"column":56}},"28":{"start":{"line":66,"column":8},"end":{"line":66,"column":2271}},"29":{"start":{"line":70,"column":8},"end":{"line":70,"column":33}},"30":{"start":{"line":71,"column":8},"end":{"line":71,"column":42}},"31":{"start":{"line":72,"column":8},"end":{"line":72,"column":51}},"32":{"start":{"line":73,"column":8},"end":{"line":73,"column":26}},"33":{"start":{"line":74,"column":8},"end":{"line":74,"column":47}},"34":{"start":{"line":79,"column":8},"end":{"line":79,"column":2715}},"35":{"start":{"line":80,"column":12},"end":{"line":80,"column":37}},"36":{"start":{"line":82,"column":8},"end":{"line":82,"column":17}},"37":{"start":{"line":90,"column":8},"end":{"line":90,"column":41}},"38":{"start":{"line":94,"column":8},"end":{"line":94,"column":31}},"39":{"start":{"line":98,"column":8},"end":{"line":98,"column":33}},"40":{"start":{"line":102,"column":8},"end":{"line":102,"column":3302}},"41":{"start":{"line":109,"column":8},"end":{"line":109,"column":38}},"42":{"start":{"line":110,"column":8},"end":{"line":110,"column":29}},"43":{"start":{"line":114,"column":8},"end":{"line":114,"column":54}},"44":{"start":{"line":115,"column":8},"end":{"line":115,"column":50}},"45":{"start":{"line":119,"column":8},"end":{"line":119,"column":53}},"46":{"start":{"line":120,"column":8},"end":{"line":120,"column":29}},"47":{"start":{"line":122,"column":8},"end":{"line":122,"column":3874}},"48":{"start":{"line":124,"column":12},"end":{"line":124,"column":20}},"49":{"start":{"line":125,"column":15},"end":{"line":125,"column":3997}},"50":{"start":{"line":127,"column":12},"end":{"line":127,"column":62}},"51":{"start":{"line":130,"column":12},"end":{"line":130,"column":66}},"52":{"start":{"line":132,"column":8},"end":{"line":132,"column":4358}},"53":{"start":{"line":135,"column":8},"end":{"line":135,"column":55}},"54":{"start":{"line":139,"column":8},"end":{"line":139,"column":46}},"55":{"start":{"line":143,"column":8},"end":{"line":143,"column":28}},"56":{"start":{"line":144,"column":8},"end":{"line":144,"column":4731}},"57":{"start":{"line":145,"column":12},"end":{"line":145,"column":58}},"58":{"start":{"line":147,"column":8},"end":{"line":147,"column":27}},"59":{"start":{"line":156,"column":8},"end":{"line":156,"column":53}},"60":{"start":{"line":157,"column":8},"end":{"line":157,"column":5068}},"61":{"start":{"line":158,"column":12},"end":{"line":158,"column":44}},"62":{"start":{"line":160,"column":12},"end":{"line":160,"column":34}},"63":{"start":{"line":165,"column":8},"end":{"line":165,"column":29}},"64":{"start":{"line":166,"column":8},"end":{"line":166,"column":5326}},"65":{"start":{"line":167,"column":12},"end":{"line":167,"column":59}},"66":{"start":{"line":169,"column":8},"end":{"line":169,"column":28}},"67":{"start":{"line":173,"column":8},"end":{"line":173,"column":38}},"68":{"start":{"line":177,"column":8},"end":{"line":177,"column":22}},"69":{"start":{"line":183,"column":8},"end":{"line":183,"column":67}}},"branchMap":{"1":{"line":27,"type":"if","locations":[{"start":{"line":27,"column":8},"end":{"line":27,"column":8}},{"start":{"line":27,"column":8},"end":{"line":27,"column":8}}]},"2":{"line":29,"type":"if","locations":[{"start":{"line":29,"column":8},"end":{"line":29,"column":8}},{"start":{"line":29,"column":8},"end":{"line":29,"column":8}}]},"3":{"line":33,"type":"if","locations":[{"start":{"line":33,"column":12},"end":{"line":33,"column":12}},{"start":{"line":33,"column":12},"end":{"line":33,"column":12}}]},"4":{"line":44,"type":"if","locations":[{"start":{"line":44,"column":8},"end":{"line":44,"column":8}},{"start":{"line":44,"column":8},"end":{"line":44,"column":8}}]},"5":{"line":51,"type":"if","locations":[{"start":{"line":51,"column":8},"end":{"line":51,"column":8}},{"start":{"line":51,"column":8},"end":{"line":51,"column":8}}]},"6":{"line":52,"type":"if","locations":[{"start":{"line":52,"column":8},"end":{"line":52,"column":8}},{"start":{"line":52,"column":8},"end":{"line":52,"column":8}}]},"7":{"line":66,"type":"if","locations":[{"start":{"line":66,"column":8},"end":{"line":66,"column":8}},{"start":{"line":66,"column":8},"end":{"line":66,"column":8}}]},"8":{"line":122,"type":"if","locations":[{"start":{"line":122,"column":8},"end":{"line":122,"column":8}},{"start":{"line":122,"column":8},"end":{"line":122,"column":8}}]},"9":{"line":125,"type":"if","locations":[{"start":{"line":125,"column":15},"end":{"line":125,"column":15}},{"start":{"line":125,"column":15},"end":{"line":125,"column":15}}]},"10":{"line":157,"type":"if","locations":[{"start":{"line":157,"column":8},"end":{"line":157,"column":8}},{"start":{"line":157,"column":8},"end":{"line":157,"column":8}}]},"11":{"line":183,"type":"if","locations":[{"start":{"line":183,"column":8},"end":{"line":183,"column":8}},{"start":{"line":183,"column":8},"end":{"line":183,"column":8}}]}}}}