{"contracts/Greeter.sol":{"l":{"11":3,"12":3,"16":2,"20":1,"21":1},"path":"/Users/rajatarora/Documents/Block Chain/Projects/Staking/contracts/Greeter.sol","s":{"1":3,"2":3,"3":2,"4":1,"5":1},"b":{},"f":{"1":3,"2":2,"3":1},"fnMap":{"1":{"name":"constructor","line":10,"loc":{"start":{"line":10,"column":2},"end":{"line":13,"column":2}}},"2":{"name":"greet","line":15,"loc":{"start":{"line":15,"column":2},"end":{"line":17,"column":2}}},"3":{"name":"setGreeting","line":19,"loc":{"start":{"line":19,"column":2},"end":{"line":22,"column":2}}}},"statementMap":{"1":{"start":{"line":11,"column":4},"end":{"line":11,"column":63}},"2":{"start":{"line":12,"column":4},"end":{"line":12,"column":23}},"3":{"start":{"line":16,"column":4},"end":{"line":16,"column":19}},"4":{"start":{"line":20,"column":4},"end":{"line":20,"column":74}},"5":{"start":{"line":21,"column":4},"end":{"line":21,"column":23}}},"branchMap":{}},"contracts/MockToken.sol":{"l":{"12":48,"13":48},"path":"/Users/rajatarora/Documents/Block Chain/Projects/Staking/contracts/MockToken.sol","s":{"1":48,"2":48},"b":{},"f":{"1":48},"fnMap":{"1":{"name":"constructor","line":11,"loc":{"start":{"line":11,"column":4},"end":{"line":14,"column":4}}}},"statementMap":{"1":{"start":{"line":12,"column":8},"end":{"line":12,"column":25}},"2":{"start":{"line":13,"column":8},"end":{"line":13,"column":27}}},"branchMap":{}},"contracts/Stake.sol":{"l":{"27":0,"37":0,"38":0,"39":0,"40":0,"48":0,"49":0,"50":0,"59":0,"67":0,"68":0,"69":0,"71":0,"87":0,"88":0,"90":0,"98":0,"99":0,"107":0,"108":0,"109":0,"110":0,"121":0,"129":0,"130":0,"131":0,"133":0,"145":0,"152":0,"153":0,"154":0,"155":0,"163":0,"164":0,"165":0},"path":"/Users/rajatarora/Documents/Block Chain/Projects/Staking/contracts/Stake.sol","s":{"1":0,"2":0,"3":0,"4":0,"5":0,"6":0,"7":0,"8":0,"9":0,"10":0,"11":0,"12":0,"13":0,"14":0,"15":0,"16":0,"17":0,"18":0,"19":0,"20":0,"21":0,"22":0,"23":0,"24":0,"25":0,"26":0,"27":0,"28":0,"29":0,"30":0,"31":0,"32":0,"33":0,"34":0,"35":0,"36":0,"37":0,"38":0},"b":{"1":[0,0],"2":[0,0],"3":[0,0],"4":[0,0],"5":[0,0]},"f":{"1":0,"2":0,"3":0,"4":0,"5":0,"6":0,"7":0,"8":0,"9":0,"10":0,"11":0,"12":0,"13":0},"fnMap":{"1":{"name":"constructor","line":25,"loc":{"start":{"line":24,"column":4},"end":{"line":28,"column":4}}},"2":{"name":"createStake","line":36,"loc":{"start":{"line":36,"column":4},"end":{"line":41,"column":4}}},"3":{"name":"removeStake","line":47,"loc":{"start":{"line":47,"column":4},"end":{"line":51,"column":4}}},"4":{"name":"stakeOf","line":58,"loc":{"start":{"line":58,"column":4},"end":{"line":60,"column":4}}},"5":{"name":"totalStakes","line":66,"loc":{"start":{"line":66,"column":4},"end":{"line":72,"column":4}}},"6":{"name":"isStakeholder","line":82,"loc":{"start":{"line":82,"column":4},"end":{"line":91,"column":4}}},"7":{"name":"addStakeholder","line":97,"loc":{"start":{"line":97,"column":4},"end":{"line":100,"column":4}}},"8":{"name":"removeStakeholder","line":106,"loc":{"start":{"line":106,"column":4},"end":{"line":112,"column":4}}},"9":{"name":"rewardOf","line":120,"loc":{"start":{"line":120,"column":4},"end":{"line":122,"column":4}}},"10":{"name":"totalRewards","line":128,"loc":{"start":{"line":128,"column":4},"end":{"line":134,"column":4}}},"11":{"name":"calculateReward","line":140,"loc":{"start":{"line":140,"column":4},"end":{"line":146,"column":4}}},"12":{"name":"distributeRewards","line":151,"loc":{"start":{"line":151,"column":4},"end":{"line":157,"column":4}}},"13":{"name":"withdrawReward","line":162,"loc":{"start":{"line":162,"column":4},"end":{"line":166,"column":4}}}},"statementMap":{"1":{"start":{"line":27,"column":8},"end":{"line":27,"column":29}},"2":{"start":{"line":37,"column":8},"end":{"line":37,"column":32}},"3":{"start":{"line":38,"column":8},"end":{"line":38,"column":1126}},"4":{"start":{"line":39,"column":8},"end":{"line":39,"column":33}},"5":{"start":{"line":40,"column":8},"end":{"line":40,"column":58}},"6":{"start":{"line":48,"column":8},"end":{"line":48,"column":58}},"7":{"start":{"line":49,"column":8},"end":{"line":49,"column":66}},"8":{"start":{"line":49,"column":37},"end":{"line":49,"column":65}},"9":{"start":{"line":50,"column":8},"end":{"line":50,"column":32}},"10":{"start":{"line":59,"column":8},"end":{"line":59,"column":35}},"11":{"start":{"line":67,"column":8},"end":{"line":67,"column":32}},"12":{"start":{"line":68,"column":8},"end":{"line":68,"column":2166}},"13":{"start":{"line":69,"column":12},"end":{"line":69,"column":67}},"14":{"start":{"line":71,"column":8},"end":{"line":71,"column":27}},"15":{"start":{"line":87,"column":8},"end":{"line":87,"column":2750}},"16":{"start":{"line":88,"column":12},"end":{"line":88,"column":61}},"17":{"start":{"line":88,"column":45},"end":{"line":88,"column":61}},"18":{"start":{"line":90,"column":8},"end":{"line":90,"column":25}},"19":{"start":{"line":98,"column":8},"end":{"line":98,"column":61}},"20":{"start":{"line":99,"column":8},"end":{"line":99,"column":60}},"21":{"start":{"line":99,"column":29},"end":{"line":99,"column":59}},"22":{"start":{"line":107,"column":8},"end":{"line":107,"column":70}},"23":{"start":{"line":108,"column":8},"end":{"line":108,"column":3477}},"24":{"start":{"line":109,"column":12},"end":{"line":109,"column":66}},"25":{"start":{"line":110,"column":12},"end":{"line":110,"column":29}},"26":{"start":{"line":121,"column":8},"end":{"line":121,"column":36}},"27":{"start":{"line":129,"column":8},"end":{"line":129,"column":33}},"28":{"start":{"line":130,"column":8},"end":{"line":130,"column":4187}},"29":{"start":{"line":131,"column":12},"end":{"line":131,"column":70}},"30":{"start":{"line":133,"column":8},"end":{"line":133,"column":28}},"31":{"start":{"line":145,"column":8},"end":{"line":145,"column":41}},"32":{"start":{"line":152,"column":8},"end":{"line":152,"column":4832}},"33":{"start":{"line":153,"column":12},"end":{"line":153,"column":49}},"34":{"start":{"line":154,"column":12},"end":{"line":154,"column":57}},"35":{"start":{"line":155,"column":12},"end":{"line":155,"column":66}},"36":{"start":{"line":163,"column":8},"end":{"line":163,"column":44}},"37":{"start":{"line":164,"column":8},"end":{"line":164,"column":30}},"38":{"start":{"line":165,"column":8},"end":{"line":165,"column":32}}},"branchMap":{"1":{"line":38,"type":"if","locations":[{"start":{"line":38,"column":8},"end":{"line":38,"column":8}},{"start":{"line":38,"column":8},"end":{"line":38,"column":8}}]},"2":{"line":49,"type":"if","locations":[{"start":{"line":49,"column":8},"end":{"line":49,"column":8}},{"start":{"line":49,"column":8},"end":{"line":49,"column":8}}]},"3":{"line":88,"type":"if","locations":[{"start":{"line":88,"column":12},"end":{"line":88,"column":12}},{"start":{"line":88,"column":12},"end":{"line":88,"column":12}}]},"4":{"line":99,"type":"if","locations":[{"start":{"line":99,"column":8},"end":{"line":99,"column":8}},{"start":{"line":99,"column":8},"end":{"line":99,"column":8}}]},"5":{"line":108,"type":"if","locations":[{"start":{"line":108,"column":8},"end":{"line":108,"column":8}},{"start":{"line":108,"column":8},"end":{"line":108,"column":8}}]}}},"contracts/Staking.sol":{"l":{},"path":"/Users/rajatarora/Documents/Block Chain/Projects/Staking/contracts/Staking.sol","s":{},"b":{},"f":{},"fnMap":{},"statementMap":{},"branchMap":{}},"contracts/StartWithStaking.sol":{"l":{"33":48,"34":48,"35":48,"39":11,"40":11,"41":9,"43":2,"45":11,"46":11,"50":5,"51":5,"52":4,"53":4,"57":2,"58":2,"59":1,"63":1,"64":1,"65":1,"69":1,"70":1,"71":1,"72":1,"77":1,"78":1,"80":1,"89":1,"93":9,"94":9,"95":9,"99":17,"100":17,"104":2,"105":2,"107":1,"112":18,"113":18,"115":18,"117":9,"120":4,"123":5,"125":9,"128":9,"132":4,"136":0,"137":0,"138":0,"140":0,"144":3,"145":3,"146":1,"148":2,"153":0,"154":0,"155":0,"157":0,"161":2,"165":2,"169":9,"173":5,"179":11,"180":8},"path":"/Users/rajatarora/Documents/Block Chain/Projects/Staking/contracts/StartWithStaking.sol","s":{"1":48,"2":48,"3":48,"4":11,"5":11,"6":9,"7":2,"8":11,"9":11,"10":5,"11":5,"12":4,"13":4,"14":2,"15":2,"16":1,"17":1,"18":1,"19":1,"20":1,"21":1,"22":1,"23":1,"24":1,"25":1,"26":1,"27":1,"28":9,"29":9,"30":9,"31":17,"32":17,"33":2,"34":2,"35":1,"36":18,"37":18,"38":18,"39":9,"40":9,"41":4,"42":5,"43":9,"44":9,"45":4,"46":0,"47":0,"48":0,"49":0,"50":3,"51":3,"52":1,"53":2,"54":0,"55":0,"56":0,"57":0,"58":2,"59":2,"60":9,"61":5,"62":11},"b":{"1":[9,2],"2":[4,1],"3":[1,1],"4":[1,0],"5":[1,1],"6":[9,9],"7":[4,5],"8":[1,2],"9":[8,3]},"f":{"1":48,"2":11,"3":5,"4":2,"5":1,"6":1,"7":1,"8":9,"9":17,"10":2,"11":18,"12":4,"13":0,"14":3,"15":0,"16":2,"17":2,"18":9,"19":5,"20":0,"21":11},"fnMap":{"1":{"name":"constructor","line":28,"loc":{"start":{"line":28,"column":4},"end":{"line":36,"column":4}}},"2":{"name":"stake","line":38,"loc":{"start":{"line":38,"column":4},"end":{"line":47,"column":4}}},"3":{"name":"unstake","line":49,"loc":{"start":{"line":49,"column":4},"end":{"line":54,"column":4}}},"4":{"name":"withdraw","line":56,"loc":{"start":{"line":56,"column":4},"end":{"line":66,"column":4}}},"5":{"name":"claimRewards","line":68,"loc":{"start":{"line":68,"column":4},"end":{"line":73,"column":4}}},"6":{"name":"updateAPY","line":75,"loc":{"start":{"line":75,"column":4},"end":{"line":81,"column":4}}},"7":{"name":"updateUnBoundingPeriod","line":87,"loc":{"start":{"line":84,"column":4},"end":{"line":90,"column":4}}},"8":{"name":"addStaker","line":92,"loc":{"start":{"line":92,"column":4},"end":{"line":96,"column":4}}},"9":{"name":"_updateRewards","line":98,"loc":{"start":{"line":98,"column":4},"end":{"line":101,"column":4}}},"10":{"name":"_updateStakeAndUnstakeTime","line":103,"loc":{"start":{"line":103,"column":4},"end":{"line":109,"column":4}}},"11":{"name":"calculateReward","line":111,"loc":{"start":{"line":111,"column":4},"end":{"line":129,"column":4}}},"12":{"name":"stakeOf","line":131,"loc":{"start":{"line":131,"column":4},"end":{"line":133,"column":4}}},"13":{"name":"totalStakes","line":135,"loc":{"start":{"line":135,"column":4},"end":{"line":141,"column":4}}},"14":{"name":"rewardsOf","line":143,"loc":{"start":{"line":143,"column":4},"end":{"line":150,"column":4}}},"15":{"name":"totalRewards","line":152,"loc":{"start":{"line":152,"column":4},"end":{"line":158,"column":4}}},"16":{"name":"getAPY","line":160,"loc":{"start":{"line":160,"column":4},"end":{"line":162,"column":4}}},"17":{"name":"getUnboundingPeriod","line":164,"loc":{"start":{"line":164,"column":4},"end":{"line":166,"column":4}}},"18":{"name":"getStaker","line":168,"loc":{"start":{"line":168,"column":4},"end":{"line":170,"column":4}}},"19":{"name":"getAllStakers","line":172,"loc":{"start":{"line":172,"column":4},"end":{"line":174,"column":4}}},"20":{"name":"getContractBalance","line":176,"loc":{"start":{"line":176,"column":4},"end":{"line":176,"column":77}}},"21":{"name":"isStaker","line":178,"loc":{"start":{"line":178,"column":4},"end":{"line":181,"column":4}}}},"statementMap":{"1":{"start":{"line":33,"column":8},"end":{"line":33,"column":26}},"2":{"start":{"line":34,"column":8},"end":{"line":34,"column":17}},"3":{"start":{"line":35,"column":8},"end":{"line":35,"column":43}},"4":{"start":{"line":39,"column":8},"end":{"line":39,"column":33}},"5":{"start":{"line":40,"column":8},"end":{"line":40,"column":1122}},"6":{"start":{"line":41,"column":12},"end":{"line":41,"column":32}},"7":{"start":{"line":43,"column":12},"end":{"line":43,"column":39}},"8":{"start":{"line":45,"column":8},"end":{"line":45,"column":49}},"9":{"start":{"line":46,"column":8},"end":{"line":46,"column":65}},"10":{"start":{"line":50,"column":8},"end":{"line":50,"column":56}},"11":{"start":{"line":51,"column":8},"end":{"line":51,"column":74}},"12":{"start":{"line":52,"column":8},"end":{"line":52,"column":44}},"13":{"start":{"line":53,"column":8},"end":{"line":53,"column":33}},"14":{"start":{"line":57,"column":8},"end":{"line":57,"column":56}},"15":{"start":{"line":58,"column":8},"end":{"line":58,"column":65}},"16":{"start":{"line":59,"column":8},"end":{"line":59,"column":1863}},"17":{"start":{"line":63,"column":8},"end":{"line":63,"column":72}},"18":{"start":{"line":64,"column":8},"end":{"line":64,"column":26}},"19":{"start":{"line":65,"column":8},"end":{"line":65,"column":26}},"20":{"start":{"line":69,"column":8},"end":{"line":69,"column":33}},"21":{"start":{"line":70,"column":8},"end":{"line":70,"column":56}},"22":{"start":{"line":71,"column":8},"end":{"line":71,"column":54}},"23":{"start":{"line":72,"column":8},"end":{"line":72,"column":26}},"24":{"start":{"line":77,"column":8},"end":{"line":77,"column":2481}},"25":{"start":{"line":78,"column":12},"end":{"line":78,"column":37}},"26":{"start":{"line":80,"column":8},"end":{"line":80,"column":17}},"27":{"start":{"line":89,"column":8},"end":{"line":89,"column":43}},"28":{"start":{"line":93,"column":8},"end":{"line":93,"column":64}},"29":{"start":{"line":94,"column":8},"end":{"line":94,"column":38}},"30":{"start":{"line":95,"column":8},"end":{"line":95,"column":29}},"31":{"start":{"line":99,"column":8},"end":{"line":99,"column":54}},"32":{"start":{"line":100,"column":8},"end":{"line":100,"column":50}},"33":{"start":{"line":104,"column":8},"end":{"line":104,"column":58}},"34":{"start":{"line":105,"column":8},"end":{"line":105,"column":3293}},"35":{"start":{"line":107,"column":12},"end":{"line":107,"column":50}},"36":{"start":{"line":112,"column":8},"end":{"line":112,"column":53}},"37":{"start":{"line":113,"column":8},"end":{"line":113,"column":29}},"38":{"start":{"line":115,"column":8},"end":{"line":115,"column":3641}},"39":{"start":{"line":117,"column":12},"end":{"line":117,"column":20}},"40":{"start":{"line":118,"column":15},"end":{"line":118,"column":3764}},"41":{"start":{"line":120,"column":12},"end":{"line":120,"column":62}},"42":{"start":{"line":123,"column":12},"end":{"line":123,"column":66}},"43":{"start":{"line":125,"column":8},"end":{"line":125,"column":4107}},"44":{"start":{"line":128,"column":8},"end":{"line":128,"column":55}},"45":{"start":{"line":132,"column":8},"end":{"line":132,"column":46}},"46":{"start":{"line":136,"column":8},"end":{"line":136,"column":28}},"47":{"start":{"line":137,"column":8},"end":{"line":137,"column":4480}},"48":{"start":{"line":138,"column":12},"end":{"line":138,"column":58}},"49":{"start":{"line":140,"column":8},"end":{"line":140,"column":27}},"50":{"start":{"line":144,"column":8},"end":{"line":144,"column":53}},"51":{"start":{"line":145,"column":8},"end":{"line":145,"column":4781}},"52":{"start":{"line":146,"column":12},"end":{"line":146,"column":44}},"53":{"start":{"line":148,"column":12},"end":{"line":148,"column":34}},"54":{"start":{"line":153,"column":8},"end":{"line":153,"column":29}},"55":{"start":{"line":154,"column":8},"end":{"line":154,"column":5039}},"56":{"start":{"line":155,"column":12},"end":{"line":155,"column":59}},"57":{"start":{"line":157,"column":8},"end":{"line":157,"column":28}},"58":{"start":{"line":161,"column":8},"end":{"line":161,"column":18}},"59":{"start":{"line":165,"column":8},"end":{"line":165,"column":31}},"60":{"start":{"line":169,"column":8},"end":{"line":169,"column":38}},"61":{"start":{"line":173,"column":8},"end":{"line":173,"column":22}},"62":{"start":{"line":179,"column":8},"end":{"line":179,"column":67}}},"branchMap":{"1":{"line":40,"type":"if","locations":[{"start":{"line":40,"column":8},"end":{"line":40,"column":8}},{"start":{"line":40,"column":8},"end":{"line":40,"column":8}}]},"2":{"line":51,"type":"if","locations":[{"start":{"line":51,"column":8},"end":{"line":51,"column":8}},{"start":{"line":51,"column":8},"end":{"line":51,"column":8}}]},"3":{"line":58,"type":"if","locations":[{"start":{"line":58,"column":8},"end":{"line":58,"column":8}},{"start":{"line":58,"column":8},"end":{"line":58,"column":8}}]},"4":{"line":59,"type":"if","locations":[{"start":{"line":59,"column":8},"end":{"line":59,"column":8}},{"start":{"line":59,"column":8},"end":{"line":59,"column":8}}]},"5":{"line":105,"type":"if","locations":[{"start":{"line":105,"column":8},"end":{"line":105,"column":8}},{"start":{"line":105,"column":8},"end":{"line":105,"column":8}}]},"6":{"line":115,"type":"if","locations":[{"start":{"line":115,"column":8},"end":{"line":115,"column":8}},{"start":{"line":115,"column":8},"end":{"line":115,"column":8}}]},"7":{"line":118,"type":"if","locations":[{"start":{"line":118,"column":15},"end":{"line":118,"column":15}},{"start":{"line":118,"column":15},"end":{"line":118,"column":15}}]},"8":{"line":145,"type":"if","locations":[{"start":{"line":145,"column":8},"end":{"line":145,"column":8}},{"start":{"line":145,"column":8},"end":{"line":145,"column":8}}]},"9":{"line":179,"type":"if","locations":[{"start":{"line":179,"column":8},"end":{"line":179,"column":8}},{"start":{"line":179,"column":8},"end":{"line":179,"column":8}}]}}}}