{
"contracts/Greeter.sol":{"l":{"11":3,"12":3,"16":2,"20":1,"21":1},"path":"/Users/rajatarora/Documents/Block Chain/Projects/Staking/contracts/Greeter.sol","s":{"1":3,"2":3,"3":2,"4":1,"5":1},"b":{},"f":{"1":3,"2":2,"3":1},"fnMap":{"1":{"name":"constructor","line":10,"loc":{"start":{"line":10,"column":2},"end":{"line":13,"column":2}}},"2":{"name":"greet","line":15,"loc":{"start":{"line":15,"column":2},"end":{"line":17,"column":2}}},"3":{"name":"setGreeting","line":19,"loc":{"start":{"line":19,"column":2},"end":{"line":22,"column":2}}}},"statementMap":{"1":{"start":{"line":11,"column":4},"end":{"line":11,"column":63}},"2":{"start":{"line":12,"column":4},"end":{"line":12,"column":23}},"3":{"start":{"line":16,"column":4},"end":{"line":16,"column":19}},"4":{"start":{"line":20,"column":4},"end":{"line":20,"column":74}},"5":{"start":{"line":21,"column":4},"end":{"line":21,"column":23}}},"branchMap":{}},
"contracts/IStaking.sol":{"l":{},"path":"/Users/rajatarora/Documents/Block Chain/Projects/Staking/contracts/IStaking.sol","s":{},"b":{},"f":{},"fnMap":{},"statementMap":{},"branchMap":{}},
"contracts/MockToken.sol":{"l":{"12":51,"13":51},"path":"/Users/rajatarora/Documents/Block Chain/Projects/Staking/contracts/MockToken.sol","s":{"1":51,"2":51},"b":{},"f":{"1":51},"fnMap":{"1":{"name":"constructor","line":11,"loc":{"start":{"line":11,"column":4},"end":{"line":14,"column":4}}}},"statementMap":{"1":{"start":{"line":12,"column":8},"end":{"line":12,"column":25}},"2":{"start":{"line":13,"column":8},"end":{"line":13,"column":27}}},"branchMap":{}},
"contracts/Staking.sol":{"l":{"33":51,"34":51,"35":51,"39":12,"40":12,"41":10,"43":2,"45":12,"46":12,"50":6,"51":6,"52":5,"53":5,"57":3,"58":3,"59":2,"63":1,"64":1,"65":1,"66":1,"67":1,"71":1,"72":1,"73":1,"74":1,"75":1,"80":1,"81":1,"83":1,"92":1,"96":10,"97":10,"98":10,"102":19,"103":19,"107":2,"108":2,"110":1,"115":20,"116":20,"118":20,"120":10,"123":4,"126":6,"128":10,"131":10,"135":4,"139":0,"140":0,"141":0,"143":0,"152":3,"153":3,"154":1,"156":2,"161":0,"162":0,"163":0,"165":0,"169":2,"173":2,"177":9,"181":5,"187":13,"188":10},"path":"/Users/rajatarora/Documents/Block Chain/Projects/Staking/contracts/Staking.sol","s":{"1":51,"2":51,"3":51,"4":12,"5":12,"6":10,"7":2,"8":12,"9":12,"10":6,"11":6,"12":5,"13":5,"14":3,"15":3,"16":2,"17":1,"18":1,"19":1,"20":1,"21":1,"22":1,"23":1,"24":1,"25":1,"26":1,"27":1,"28":1,"29":1,"30":1,"31":10,"32":10,"33":10,"34":19,"35":19,"36":2,"37":2,"38":1,"39":20,"40":20,"41":20,"42":10,"43":10,"44":4,"45":6,"46":10,"47":10,"48":4,"49":0,"50":0,"51":0,"52":0,"53":3,"54":3,"55":1,"56":2,"57":0,"58":0,"59":0,"60":0,"61":2,"62":2,"63":9,"64":5,"65":13},"b":{"1":[10,2],"2":[5,1],"3":[2,1],"4":[1,1],"5":[1,1],"6":[10,10],"7":[4,6],"8":[1,2],"9":[10,3]},"f":{"1":51,"2":12,"3":6,"4":3,"5":1,"6":1,"7":1,"8":10,"9":19,"10":2,"11":20,"12":4,"13":0,"14":3,"15":0,"16":2,"17":2,"18":9,"19":5,"20":0,"21":13},"fnMap":{"1":{"name":"constructor","line":28,"loc":{"start":{"line":28,"column":4},"end":{"line":36,"column":4}}},"2":{"name":"stake","line":38,"loc":{"start":{"line":38,"column":4},"end":{"line":47,"column":4}}},"3":{"name":"unstake","line":49,"loc":{"start":{"line":49,"column":4},"end":{"line":54,"column":4}}},"4":{"name":"withdraw","line":56,"loc":{"start":{"line":56,"column":4},"end":{"line":68,"column":4}}},"5":{"name":"claimRewards","line":70,"loc":{"start":{"line":70,"column":4},"end":{"line":76,"column":4}}},"6":{"name":"updateAPY","line":78,"loc":{"start":{"line":78,"column":4},"end":{"line":84,"column":4}}},"7":{"name":"updateUnbondingPeriod","line":90,"loc":{"start":{"line":87,"column":4},"end":{"line":93,"column":4}}},"8":{"name":"addStaker","line":95,"loc":{"start":{"line":95,"column":4},"end":{"line":99,"column":4}}},"9":{"name":"_updateRewards","line":101,"loc":{"start":{"line":101,"column":4},"end":{"line":104,"column":4}}},"10":{"name":"_updateStakeAndUnstakeTime","line":106,"loc":{"start":{"line":106,"column":4},"end":{"line":112,"column":4}}},"11":{"name":"calculateReward","line":114,"loc":{"start":{"line":114,"column":4},"end":{"line":132,"column":4}}},"12":{"name":"stakeOf","line":134,"loc":{"start":{"line":134,"column":4},"end":{"line":136,"column":4}}},"13":{"name":"totalStakes","line":138,"loc":{"start":{"line":138,"column":4},"end":{"line":144,"column":4}}},"14":{"name":"rewardsOf","line":146,"loc":{"start":{"line":146,"column":4},"end":{"line":158,"column":4}}},"15":{"name":"totalRewards","line":160,"loc":{"start":{"line":160,"column":4},"end":{"line":166,"column":4}}},"16":{"name":"getAPY","line":168,"loc":{"start":{"line":168,"column":4},"end":{"line":170,"column":4}}},"17":{"name":"getUnbondingPeriod","line":172,"loc":{"start":{"line":172,"column":4},"end":{"line":174,"column":4}}},"18":{"name":"getStaker","line":176,"loc":{"start":{"line":176,"column":4},"end":{"line":178,"column":4}}},"19":{"name":"getAllStakers","line":180,"loc":{"start":{"line":180,"column":4},"end":{"line":182,"column":4}}},"20":{"name":"getContractBalance","line":184,"loc":{"start":{"line":184,"column":4},"end":{"line":184,"column":77}}},"21":{"name":"isStaker","line":186,"loc":{"start":{"line":186,"column":4},"end":{"line":189,"column":4}}}},"statementMap":{"1":{"start":{"line":33,"column":8},"end":{"line":33,"column":26}},"2":{"start":{"line":34,"column":8},"end":{"line":34,"column":17}},"3":{"start":{"line":35,"column":8},"end":{"line":35,"column":41}},"4":{"start":{"line":39,"column":8},"end":{"line":39,"column":33}},"5":{"start":{"line":40,"column":8},"end":{"line":40,"column":1111}},"6":{"start":{"line":41,"column":12},"end":{"line":41,"column":32}},"7":{"start":{"line":43,"column":12},"end":{"line":43,"column":39}},"8":{"start":{"line":45,"column":8},"end":{"line":45,"column":49}},"9":{"start":{"line":46,"column":8},"end":{"line":46,"column":65}},"10":{"start":{"line":50,"column":8},"end":{"line":50,"column":56}},"11":{"start":{"line":51,"column":8},"end":{"line":51,"column":74}},"12":{"start":{"line":52,"column":8},"end":{"line":52,"column":44}},"13":{"start":{"line":53,"column":8},"end":{"line":53,"column":33}},"14":{"start":{"line":57,"column":8},"end":{"line":57,"column":56}},"15":{"start":{"line":58,"column":8},"end":{"line":58,"column":65}},"16":{"start":{"line":59,"column":8},"end":{"line":59,"column":1852}},"17":{"start":{"line":63,"column":8},"end":{"line":63,"column":42}},"18":{"start":{"line":64,"column":8},"end":{"line":64,"column":42}},"19":{"start":{"line":65,"column":8},"end":{"line":65,"column":26}},"20":{"start":{"line":66,"column":8},"end":{"line":66,"column":26}},"21":{"start":{"line":67,"column":8},"end":{"line":67,"column":58}},"22":{"start":{"line":71,"column":8},"end":{"line":71,"column":33}},"23":{"start":{"line":72,"column":8},"end":{"line":72,"column":56}},"24":{"start":{"line":73,"column":8},"end":{"line":73,"column":42}},"25":{"start":{"line":74,"column":8},"end":{"line":74,"column":26}},"26":{"start":{"line":75,"column":8},"end":{"line":75,"column":47}},"27":{"start":{"line":80,"column":8},"end":{"line":80,"column":2579}},"28":{"start":{"line":81,"column":12},"end":{"line":81,"column":37}},"29":{"start":{"line":83,"column":8},"end":{"line":83,"column":17}},"30":{"start":{"line":92,"column":8},"end":{"line":92,"column":41}},"31":{"start":{"line":96,"column":8},"end":{"line":96,"column":64}},"32":{"start":{"line":97,"column":8},"end":{"line":97,"column":38}},"33":{"start":{"line":98,"column":8},"end":{"line":98,"column":29}},"34":{"start":{"line":102,"column":8},"end":{"line":102,"column":54}},"35":{"start":{"line":103,"column":8},"end":{"line":103,"column":50}},"36":{"start":{"line":107,"column":8},"end":{"line":107,"column":58}},"37":{"start":{"line":108,"column":8},"end":{"line":108,"column":3387}},"38":{"start":{"line":110,"column":12},"end":{"line":110,"column":50}},"39":{"start":{"line":115,"column":8},"end":{"line":115,"column":53}},"40":{"start":{"line":116,"column":8},"end":{"line":116,"column":29}},"41":{"start":{"line":118,"column":8},"end":{"line":118,"column":3735}},"42":{"start":{"line":120,"column":12},"end":{"line":120,"column":20}},"43":{"start":{"line":121,"column":15},"end":{"line":121,"column":3858}},"44":{"start":{"line":123,"column":12},"end":{"line":123,"column":62}},"45":{"start":{"line":126,"column":12},"end":{"line":126,"column":66}},"46":{"start":{"line":128,"column":8},"end":{"line":128,"column":4201}},"47":{"start":{"line":131,"column":8},"end":{"line":131,"column":55}},"48":{"start":{"line":135,"column":8},"end":{"line":135,"column":46}},"49":{"start":{"line":139,"column":8},"end":{"line":139,"column":28}},"50":{"start":{"line":140,"column":8},"end":{"line":140,"column":4574}},"51":{"start":{"line":141,"column":12},"end":{"line":141,"column":58}},"52":{"start":{"line":143,"column":8},"end":{"line":143,"column":27}},"53":{"start":{"line":152,"column":8},"end":{"line":152,"column":53}},"54":{"start":{"line":153,"column":8},"end":{"line":153,"column":4911}},"55":{"start":{"line":154,"column":12},"end":{"line":154,"column":44}},"56":{"start":{"line":156,"column":12},"end":{"line":156,"column":34}},"57":{"start":{"line":161,"column":8},"end":{"line":161,"column":29}},"58":{"start":{"line":162,"column":8},"end":{"line":162,"column":5169}},"59":{"start":{"line":163,"column":12},"end":{"line":163,"column":59}},"60":{"start":{"line":165,"column":8},"end":{"line":165,"column":28}},"61":{"start":{"line":169,"column":8},"end":{"line":169,"column":18}},"62":{"start":{"line":173,"column":8},"end":{"line":173,"column":30}},"63":{"start":{"line":177,"column":8},"end":{"line":177,"column":38}},"64":{"start":{"line":181,"column":8},"end":{"line":181,"column":22}},"65":{"start":{"line":187,"column":8},"end":{"line":187,"column":67}}},"branchMap":{"1":{"line":40,"type":"if","locations":[{"start":{"line":40,"column":8},"end":{"line":40,"column":8}},{"start":{"line":40,"column":8},"end":{"line":40,"column":8}}]},"2":{"line":51,"type":"if","locations":[{"start":{"line":51,"column":8},"end":{"line":51,"column":8}},{"start":{"line":51,"column":8},"end":{"line":51,"column":8}}]},"3":{"line":58,"type":"if","locations":[{"start":{"line":58,"column":8},"end":{"line":58,"column":8}},{"start":{"line":58,"column":8},"end":{"line":58,"column":8}}]},"4":{"line":59,"type":"if","locations":[{"start":{"line":59,"column":8},"end":{"line":59,"column":8}},{"start":{"line":59,"column":8},"end":{"line":59,"column":8}}]},"5":{"line":108,"type":"if","locations":[{"start":{"line":108,"column":8},"end":{"line":108,"column":8}},{"start":{"line":108,"column":8},"end":{"line":108,"column":8}}]},"6":{"line":118,"type":"if","locations":[{"start":{"line":118,"column":8},"end":{"line":118,"column":8}},{"start":{"line":118,"column":8},"end":{"line":118,"column":8}}]},"7":{"line":121,"type":"if","locations":[{"start":{"line":121,"column":15},"end":{"line":121,"column":15}},{"start":{"line":121,"column":15},"end":{"line":121,"column":15}}]},"8":{"line":153,"type":"if","locations":[{"start":{"line":153,"column":8},"end":{"line":153,"column":8}},{"start":{"line":153,"column":8},"end":{"line":153,"column":8}}]},"9":{"line":187,"type":"if","locations":[{"start":{"line":187,"column":8},"end":{"line":187,"column":8}},{"start":{"line":187,"column":8},"end":{"line":187,"column":8}}]}}}}
