TN:
SF:/Users/rajatarora/Documents/Block Chain/Projects/Staking/contracts/Config.sol
FNF:0
FNH:0
LF:0
LH:0
BRF:0
BRH:0
end_of_record
TN:
SF:/Users/rajatarora/Documents/Block Chain/Projects/Staking/contracts/IStaking.sol
FNF:0
FNH:0
LF:0
LH:0
BRF:0
BRH:0
end_of_record
TN:
SF:/Users/rajatarora/Documents/Block Chain/Projects/Staking/contracts/MockToken.sol
FN:11,constructor
FNF:1
FNH:1
FNDA:60,constructor
DA:12,60
DA:13,60
LF:2
LH:2
BRF:0
BRH:0
end_of_record
TN:
SF:/Users/rajatarora/Documents/Block Chain/Projects/Staking/contracts/Staking.sol
FN:14,constructor
FN:26,stake
FN:42,unstake
FN:49,withdraw
FN:64,claimRewards
FN:77,updateAPY
FN:88,updateUnbondingPeriod
FN:93,updateClaimDelay
FN:97,pause
FN:101,addStaker
FN:113,_updateRewards
FN:118,calculateReward
FN:138,stakeOf
FN:142,totalStakes
FN:150,rewardsOf
FN:164,totalRewards
FN:172,getStaker
FN:176,getAllStakers
FN:180,getContractBalance
FN:182,isStaker
FNF:20
FNH:5
FNDA:60,constructor
FNDA:11,stake
FNDA:0,unstake
FNDA:0,withdraw
FNDA:0,claimRewards
FNDA:0,updateAPY
FNDA:1,updateUnbondingPeriod
FNDA:1,updateClaimDelay
FNDA:0,pause
FNDA:0,addStaker
FNDA:0,_updateRewards
FNDA:0,calculateReward
FNDA:0,stakeOf
FNDA:0,totalStakes
FNDA:0,rewardsOf
FNDA:0,totalRewards
FNDA:0,getStaker
FNDA:0,getAllStakers
FNDA:0,getContractBalance
FNDA:4,isStaker
DA:20,60
DA:21,60
DA:22,60
DA:23,60
DA:27,11
DA:28,0
DA:29,0
DA:30,0
DA:32,0
DA:33,0
DA:35,0
DA:38,0
DA:39,0
DA:43,0
DA:44,0
DA:45,0
DA:46,0
DA:50,0
DA:51,0
DA:52,0
DA:56,0
DA:57,0
DA:58,0
DA:59,0
DA:60,0
DA:61,0
DA:65,0
DA:66,0
DA:70,0
DA:71,0
DA:72,0
DA:73,0
DA:74,0
DA:79,0
DA:80,0
DA:82,0
DA:90,1
DA:94,1
DA:98,0
DA:102,0
DA:109,0
DA:110,0
DA:114,0
DA:115,0
DA:119,0
DA:120,0
DA:122,0
DA:124,0
DA:127,0
DA:130,0
DA:132,0
DA:135,0
DA:139,0
DA:143,0
DA:144,0
DA:145,0
DA:147,0
DA:156,0
DA:157,0
DA:158,0
DA:160,0
DA:165,0
DA:166,0
DA:167,0
DA:169,0
DA:173,0
DA:177,0
DA:183,4
DA:184,0
LF:69
LH:8
BRDA:27,1,0,0
BRDA:27,1,1,11
BRDA:29,2,0,0
BRDA:29,2,1,0
BRDA:33,3,0,0
BRDA:33,3,1,0
BRDA:44,4,0,0
BRDA:44,4,1,0
BRDA:51,5,0,0
BRDA:51,5,1,0
BRDA:52,6,0,0
BRDA:52,6,1,0
BRDA:66,7,0,0
BRDA:66,7,1,0
BRDA:122,8,0,0
BRDA:122,8,1,0
BRDA:125,9,0,0
BRDA:125,9,1,0
BRDA:157,10,0,0
BRDA:157,10,1,0
BRDA:183,11,0,0
BRDA:183,11,1,4
BRF:22
BRH:2
end_of_record
