TN:
SF:/Users/rajatarora/Documents/Block Chain/Projects/Staking/contracts/Greeter.sol
FN:10,constructor
FN:15,greet
FN:19,setGreeting
FNF:3
FNH:3
FNDA:3,constructor
FNDA:2,greet
FNDA:1,setGreeting
DA:11,3
DA:12,3
DA:16,2
DA:20,1
DA:21,1
LF:5
LH:5
BRF:0
BRH:0
end_of_record
TN:
SF:/Users/rajatarora/Documents/Block Chain/Projects/Staking/contracts/MockToken.sol
FN:11,constructor
FNF:1
FNH:1
FNDA:48,constructor
DA:12,48
DA:13,48
LF:2
LH:2
BRF:0
BRH:0
end_of_record
TN:
SF:/Users/rajatarora/Documents/Block Chain/Projects/Staking/contracts/Stake.sol
FN:25,constructor
FN:36,createStake
FN:47,removeStake
FN:58,stakeOf
FN:66,totalStakes
FN:82,isStakeholder
FN:97,addStakeholder
FN:106,removeStakeholder
FN:120,rewardOf
FN:128,totalRewards
FN:140,calculateReward
FN:151,distributeRewards
FN:162,withdrawReward
FNF:13
FNH:0
FNDA:0,constructor
FNDA:0,createStake
FNDA:0,removeStake
FNDA:0,stakeOf
FNDA:0,totalStakes
FNDA:0,isStakeholder
FNDA:0,addStakeholder
FNDA:0,removeStakeholder
FNDA:0,rewardOf
FNDA:0,totalRewards
FNDA:0,calculateReward
FNDA:0,distributeRewards
FNDA:0,withdrawReward
DA:27,0
DA:37,0
DA:38,0
DA:39,0
DA:40,0
DA:48,0
DA:49,0
DA:50,0
DA:59,0
DA:67,0
DA:68,0
DA:69,0
DA:71,0
DA:87,0
DA:88,0
DA:90,0
DA:98,0
DA:99,0
DA:107,0
DA:108,0
DA:109,0
DA:110,0
DA:121,0
DA:129,0
DA:130,0
DA:131,0
DA:133,0
DA:145,0
DA:152,0
DA:153,0
DA:154,0
DA:155,0
DA:163,0
DA:164,0
DA:165,0
LF:35
LH:0
BRDA:38,1,0,0
BRDA:38,1,1,0
BRDA:49,2,0,0
BRDA:49,2,1,0
BRDA:88,3,0,0
BRDA:88,3,1,0
BRDA:99,4,0,0
BRDA:99,4,1,0
BRDA:108,5,0,0
BRDA:108,5,1,0
BRF:10
BRH:0
end_of_record
TN:
SF:/Users/rajatarora/Documents/Block Chain/Projects/Staking/contracts/Staking.sol
FNF:0
FNH:0
LF:0
LH:0
BRF:0
BRH:0
end_of_record
TN:
SF:/Users/rajatarora/Documents/Block Chain/Projects/Staking/contracts/StartWithStaking.sol
FN:28,constructor
FN:38,stake
FN:49,unstake
FN:56,withdraw
FN:68,claimRewards
FN:75,updateAPY
FN:87,updateUnBoundingPeriod
FN:92,addStaker
FN:98,_updateRewards
FN:103,_updateStakeAndUnstakeTime
FN:111,calculateReward
FN:131,stakeOf
FN:135,totalStakes
FN:143,rewardsOf
FN:152,totalRewards
FN:160,getAPY
FN:164,getUnboundingPeriod
FN:168,getStaker
FN:172,getAllStakers
FN:176,getContractBalance
FN:178,isStaker
FNF:21
FNH:18
FNDA:48,constructor
FNDA:11,stake
FNDA:5,unstake
FNDA:2,withdraw
FNDA:1,claimRewards
FNDA:1,updateAPY
FNDA:1,updateUnBoundingPeriod
FNDA:9,addStaker
FNDA:17,_updateRewards
FNDA:2,_updateStakeAndUnstakeTime
FNDA:18,calculateReward
FNDA:4,stakeOf
FNDA:0,totalStakes
FNDA:3,rewardsOf
FNDA:0,totalRewards
FNDA:2,getAPY
FNDA:2,getUnboundingPeriod
FNDA:9,getStaker
FNDA:5,getAllStakers
FNDA:0,getContractBalance
FNDA:11,isStaker
DA:33,48
DA:34,48
DA:35,48
DA:39,11
DA:40,11
DA:41,9
DA:43,2
DA:45,11
DA:46,11
DA:50,5
DA:51,5
DA:52,4
DA:53,4
DA:57,2
DA:58,2
DA:59,1
DA:63,1
DA:64,1
DA:65,1
DA:69,1
DA:70,1
DA:71,1
DA:72,1
DA:77,1
DA:78,1
DA:80,1
DA:89,1
DA:93,9
DA:94,9
DA:95,9
DA:99,17
DA:100,17
DA:104,2
DA:105,2
DA:107,1
DA:112,18
DA:113,18
DA:115,18
DA:117,9
DA:120,4
DA:123,5
DA:125,9
DA:128,9
DA:132,4
DA:136,0
DA:137,0
DA:138,0
DA:140,0
DA:144,3
DA:145,3
DA:146,1
DA:148,2
DA:153,0
DA:154,0
DA:155,0
DA:157,0
DA:161,2
DA:165,2
DA:169,9
DA:173,5
DA:179,11
DA:180,8
LF:62
LH:54
BRDA:40,1,0,9
BRDA:40,1,1,2
BRDA:51,2,0,4
BRDA:51,2,1,1
BRDA:58,3,0,1
BRDA:58,3,1,1
BRDA:59,4,0,1
BRDA:59,4,1,0
BRDA:105,5,0,1
BRDA:105,5,1,1
BRDA:115,6,0,9
BRDA:115,6,1,9
BRDA:118,7,0,4
BRDA:118,7,1,5
BRDA:145,8,0,1
BRDA:145,8,1,2
BRDA:179,9,0,8
BRDA:179,9,1,3
BRF:18
BRH:17
end_of_record
